Build started 28-11-2014 13:34:19.
     1>Project "D:\School\Jaar_2\C++\Assignments-C-plus\TGH_CarShop\CarShop\CarShop\CarShop.vcxproj" on node 2 (Build target(s)).
     1>ClCompile:
         C:\Program Files (x86)\Microsoft Visual Studio 12.0\VC\bin\CL.exe /c /ZI /nologo /W3 /WX- /sdl /Od /Oy- /D WIN32 /D _DEBUG /D _CONSOLE /D _LIB /D _UNICODE /D UNICODE /Gm /EHsc /RTC1 /MDd /GS /fp:precise /Zc:wchar_t /Zc:forScope /Yc"stdafx.h" /Fp"Debug\CarShop.pch" /Fo"Debug\\" /Fd"Debug\vc120.pdb" /Gd /TP /analyze- /errorReport:prompt stdafx.cpp
         stdafx.cpp
         C:\Program Files (x86)\Microsoft Visual Studio 12.0\VC\bin\CL.exe /c /ZI /nologo /W3 /WX- /sdl /Od /Oy- /D WIN32 /D _DEBUG /D _CONSOLE /D _LIB /D _UNICODE /D UNICODE /Gm /EHsc /RTC1 /MDd /GS /fp:precise /Zc:wchar_t /Zc:forScope /Yu"stdafx.h" /Fp"Debug\CarShop.pch" /Fo"Debug\\" /Fd"Debug\vc120.pdb" /Gd /TP /analyze- /errorReport:prompt Americus.cpp BlingBling.cpp BrassBrad.cpp Car.cpp CarShop.cpp Engine.cpp Goodrich.cpp Rim.cpp Rollos.cpp SwiftRage.cpp Tire.cpp TukTuk.cpp Vroomerino.cpp VroomVroom.cpp Wheel.cpp Wheelios.cpp
         Wheelios.cpp
         Wheel.cpp
         VroomVroom.cpp
         Vroomerino.cpp
         TukTuk.cpp
         Tire.cpp
         SwiftRage.cpp
         Rollos.cpp
         Rim.cpp
         Goodrich.cpp
         Engine.cpp
         CarShop.cpp
         Car.cpp
         BrassBrad.cpp
         BlingBling.cpp
         Americus.cpp
         Generating Code...
       Link:
         C:\Program Files (x86)\Microsoft Visual Studio 12.0\VC\bin\link.exe /ERRORREPORT:PROMPT /OUT:"D:\School\Jaar_2\C++\Assignments-C-plus\TGH_CarShop\CarShop\Debug\CarShop.exe" /INCREMENTAL /NOLOGO kernel32.lib user32.lib gdi32.lib winspool.lib comdlg32.lib advapi32.lib shell32.lib ole32.lib oleaut32.lib uuid.lib odbc32.lib odbccp32.lib /MANIFEST /MANIFESTUAC:"level='asInvoker' uiAccess='false'" /manifest:embed /DEBUG /PDB:"D:\School\Jaar_2\C++\Assignments-C-plus\TGH_CarShop\CarShop\Debug\CarShop.pdb" /SUBSYSTEM:CONSOLE /TLBID:1 /DYNAMICBASE /NXCOMPAT /IMPLIB:"D:\School\Jaar_2\C++\Assignments-C-plus\TGH_CarShop\CarShop\Debug\CarShop.lib" /MACHINE:X86 Debug\Americus.obj
         Debug\BlingBling.obj
         Debug\BrassBrad.obj
         Debug\Car.obj
         Debug\CarShop.obj
         Debug\Engine.obj
         Debug\Goodrich.obj
         Debug\Rim.obj
         Debug\Rollos.obj
         Debug\stdafx.obj
         Debug\SwiftRage.obj
         Debug\Tire.obj
         Debug\TukTuk.obj
         Debug\Vroomerino.obj
         Debug\VroomVroom.obj
         Debug\Wheel.obj
         Debug\Wheelios.obj
         CarShop.vcxproj -> D:\School\Jaar_2\C++\Assignments-C-plus\TGH_CarShop\CarShop\Debug\CarShop.exe
     1>Done Building Project "D:\School\Jaar_2\C++\Assignments-C-plus\TGH_CarShop\CarShop\CarShop\CarShop.vcxproj" (Build target(s)).

Build succeeded.

Time Elapsed 00:00:06.95
